"$condition:" 19.000000
"i:" 1.000000
"$condition:" 18.000000
"i:" 1.000000
"$condition:" 17.000000
"i:" 1.000000
"$condition:" 16.000000
"i:" 1.000000
"$condition:" 15.000000
"i:" 1.000000
"$condition:" 14.000000
"i:" 1.000000
"$condition:" 13.000000
"i:" 1.000000
"$condition:" 12.000000
"i:" 1.000000
"$condition:" 11.000000
"i:" 1.000000
"$condition:" 10.000000
"i:" 1.000000
"$condition:" 9.000000
"i:" 1.000000
"$condition:" 8.000000
"i:" 1.000000
"$condition:" 7.000000
"i:" 1.000000
"$condition:" 6.000000
"i:" 1.000000
"$condition:" 5.000000
"i:" 1.000000
"$condition:" 4.000000
"i:" 1.000000
"$condition:" 3.000000
"i:" 1.000000
"$condition:" 2.000000
"i:" 1.000000
"$condition:" 1.000000
"i:" 1.000000
"$condition:" 0.000000
"i:" 1.000000
"$cata:" 8
"$condition:" 14
